\BOOKMARK [0][-]{chapter*.1}{摘要}{}% 1
\BOOKMARK [0][-]{chapter*.2}{Abstract}{}% 2
\BOOKMARK [0][-]{chapter*.3}{目錄}{}% 3
\BOOKMARK [0][-]{chapter*.4}{圖目錄}{}% 4
\BOOKMARK [0][-]{chapter*.5}{表目錄}{}% 5
\BOOKMARK [0][-]{chapter.1}{紡織染色製程背景介紹}{}% 6
\BOOKMARK [0][-]{chapter.2}{文獻探討}{}% 7
\BOOKMARK [1][-]{section.2.1}{染色製程參數與對色關聯性}{chapter.2}% 8
\BOOKMARK [1][-]{section.2.2}{染色製程參數優化技術}{chapter.2}% 9
\BOOKMARK [0][-]{chapter.3}{紡織染色製程現況}{}% 10
\BOOKMARK [1][-]{section.3.1}{染色製程描述}{chapter.3}% 11
\BOOKMARK [1][-]{section.3.2}{現況問題描述}{chapter.3}% 12
\BOOKMARK [0][-]{chapter.4}{染整製程模型建立}{}% 13
\BOOKMARK [1][-]{section.4.1}{製程參數因子描述}{chapter.4}% 14
\BOOKMARK [1][-]{section.4.2}{模型假設與符號表示}{chapter.4}% 15
\BOOKMARK [1][-]{section.4.3}{模型建立}{chapter.4}% 16
\BOOKMARK [0][-]{chapter.5}{染整製程參數優化方法}{}% 17
\BOOKMARK [1][-]{section.5.1}{模型描述}{chapter.5}% 18
\BOOKMARK [1][-]{section.5.2}{非線性最佳化方法}{chapter.5}% 19
\BOOKMARK [1][-]{section.5.3}{染整製程模型求解}{chapter.5}% 20
\BOOKMARK [0][-]{chapter.6}{數值分析}{}% 21
\BOOKMARK [1][-]{section.6.1}{模型數值化}{chapter.6}% 22
\BOOKMARK [1][-]{section.6.2}{染整製程數值求解}{chapter.6}% 23
\BOOKMARK [1][-]{section.6.3}{方法比較}{chapter.6}% 24
\BOOKMARK [2][-]{subsection.6.3.1}{基因演算法概述}{section.6.3}% 25
\BOOKMARK [2][-]{subsection.6.3.2}{基因演算法架構及求解}{section.6.3}% 26
\BOOKMARK [1][-]{section.6.4}{最佳化參數組合與其他業界常用組合比較}{chapter.6}% 27
\BOOKMARK [0][-]{chapter.7}{結論}{}% 28
\BOOKMARK [0][-]{appendix*.6}{參考文獻}{}% 29
